  20161027_pong_2_light_VLC_oekaki.cpp
20161027_pong_2_light_VLC_oekaki.cpp(54): warning C4244: 'argument' : conversion from 'const float' to 'int', possible loss of data
20161027_pong_2_light_VLC_oekaki.cpp(55): warning C4244: 'argument' : conversion from 'const float' to 'int', possible loss of data
20161027_pong_2_light_VLC_oekaki.cpp(219): warning C4244: '=' : conversion from 'const float' to 'int', possible loss of data
20161027_pong_2_light_VLC_oekaki.cpp(221): warning C4244: '=' : conversion from 'const float' to 'int', possible loss of data
20161027_pong_2_light_VLC_oekaki.cpp(281): warning C4244: 'argument' : conversion from 'const float' to 'int', possible loss of data
20161027_pong_2_light_VLC_oekaki.cpp(355): warning C4244: '=' : conversion from 'int' to 'float', possible loss of data
20161027_pong_2_light_VLC_oekaki.cpp(356): warning C4244: '=' : conversion from 'int' to 'float', possible loss of data
20161027_pong_2_light_VLC_oekaki.cpp(359): warning C4244: 'argument' : conversion from 'float' to 'int', possible loss of data
20161027_pong_2_light_VLC_oekaki.cpp(399): warning C4244: '=' : conversion from 'int' to 'float', possible loss of data
20161027_pong_2_light_VLC_oekaki.cpp(400): warning C4244: '=' : conversion from 'int' to 'float', possible loss of data
20161027_pong_2_light_VLC_oekaki.cpp(401): warning C4244: '=' : conversion from 'int' to 'float', possible loss of data
20161027_pong_2_light_VLC_oekaki.cpp(415): warning C4244: 'initializing' : conversion from 'int' to 'float', possible loss of data
20161027_pong_2_light_VLC_oekaki.cpp(424): warning C4244: '=' : conversion from 'int' to 'float', possible loss of data
20161027_pong_2_light_VLC_oekaki.cpp(425): warning C4244: '=' : conversion from 'int' to 'float', possible loss of data
20161027_pong_2_light_VLC_oekaki.cpp(433): warning C4244: 'initializing' : conversion from 'float' to 'int', possible loss of data
20161027_pong_2_light_VLC_oekaki.cpp(439): warning C4244: '=' : conversion from 'int' to 'float', possible loss of data
20161027_pong_2_light_VLC_oekaki.cpp(445): warning C4244: '=' : conversion from 'int' to 'float', possible loss of data
20161027_pong_2_light_VLC_oekaki.cpp(451): warning C4244: '=' : conversion from 'int' to 'float', possible loss of data
20161027_pong_2_light_VLC_oekaki.cpp(457): warning C4244: '=' : conversion from 'int' to 'float', possible loss of data
20161027_pong_2_light_VLC_oekaki.cpp(473): warning C4244: '=' : conversion from 'int' to 'float', possible loss of data
20161027_pong_2_light_VLC_oekaki.cpp(474): warning C4244: '=' : conversion from 'int' to 'float', possible loss of data
20161027_pong_2_light_VLC_oekaki.cpp(503): warning C4244: 'argument' : conversion from 'float' to 'int', possible loss of data
20161027_pong_2_light_VLC_oekaki.cpp(551): warning C4244: 'initializing' : conversion from 'float' to 'int', possible loss of data
20161027_pong_2_light_VLC_oekaki.cpp(555): warning C4806: '^' : unsafe operation: no value of type 'bool' promoted to type 'int' can equal the given constant
20161027_pong_2_light_VLC_oekaki.cpp(555): warning C4554: '^' : check operator precedence for possible error; use parentheses to clarify precedence
20161027_pong_2_light_VLC_oekaki.cpp(556): warning C4244: '=' : conversion from 'int' to 'float', possible loss of data
20161027_pong_2_light_VLC_oekaki.cpp(557): warning C4244: '=' : conversion from 'int' to 'float', possible loss of data
20161027_pong_2_light_VLC_oekaki.cpp(560): warning C4244: '=' : conversion from 'double' to 'float', possible loss of data
20161027_pong_2_light_VLC_oekaki.cpp(561): warning C4244: '=' : conversion from 'double' to 'float', possible loss of data
20161027_pong_2_light_VLC_oekaki.cpp(570): warning C4244: 'argument' : conversion from 'float' to 'int', possible loss of data
20161027_pong_2_light_VLC_oekaki.cpp(577): warning C4101: 'dotas' : unreferenced local variable
20161027_pong_2_light_VLC_oekaki.cpp(577): warning C4101: 'dotbs' : unreferenced local variable
20161027_pong_2_light_VLC_oekaki.cpp(711): warning C4244: 'initializing' : conversion from 'int' to 'float', possible loss of data
20161027_pong_2_light_VLC_oekaki.cpp(715): warning C4244: 'argument' : conversion from 'float' to 'int', possible loss of data
20161027_pong_2_light_VLC_oekaki.cpp(718): warning C4244: 'argument' : conversion from 'float' to 'int', possible loss of data
20161027_pong_2_light_VLC_oekaki.cpp(740): warning C4244: 'argument' : conversion from 'float' to 'int', possible loss of data
20161027_pong_2_light_VLC_oekaki.cpp(744): warning C4244: 'argument' : conversion from 'float' to 'int', possible loss of data
20161027_pong_2_light_VLC_oekaki.cpp(772): warning C4244: 'initializing' : conversion from 'double' to 'float', possible loss of data
20161027_pong_2_light_VLC_oekaki.cpp(773): warning C4244: 'initializing' : conversion from 'double' to 'float', possible loss of data
20161027_pong_2_light_VLC_oekaki.cpp(778): warning C4244: 'initializing' : conversion from 'double' to 'int', possible loss of data
20161027_pong_2_light_VLC_oekaki.cpp(950): warning C4244: '=' : conversion from 'const float' to 'int', possible loss of data
20161027_pong_2_light_VLC_oekaki.cpp(952): warning C4244: '=' : conversion from 'const float' to 'int', possible loss of data
20161027_pong_2_light_VLC_oekaki.cpp(1168): warning C4244: 'argument' : conversion from 'const float' to 'int', possible loss of data
20161027_pong_2_light_VLC_oekaki.cpp(1173): warning C4244: 'argument' : conversion from 'const float' to 'int', possible loss of data
20161027_pong_2_light_VLC_oekaki.cpp(1176): warning C4244: 'argument' : conversion from 'const float' to 'int', possible loss of data
20161027_pong_2_light_VLC_oekaki.cpp(1247): warning C4244: '=' : conversion from 'double' to 'int', possible loss of data
  Generating code
  Finished generating code
  Blinkmodel.vcxproj -> C:\Users\tanuki\Documents\Visual Studio 2013\Projects\Blinkmodel\Release\Blinkmodel.exe
